2023-12-06 09:32:51,111 - __main__ - INFO - Token value: Token not available!
2023-12-06 09:32:53,421 - __main__ - INFO - Weather in Berlin: 0.25
2023-12-06 15:25:24,836 - __main__ - INFO - Token value: 1234
2023-12-06 15:25:24,995 - __main__ - INFO - Weather in Berlin: 1.19
2023-12-07 12:27:22,949 - __main__ - INFO - Token value: Token not available!
2023-12-07 12:27:38,798 - __main__ - INFO - Everything is Ok!
2023-12-07 12:44:24,074 - __main__ - INFO - Everything is Ok!
2023-12-07 13:31:42,491 - __main__ - INFO - Everything is Ok!
2023-12-08 12:47:34,180 - __main__ - INFO - Everything is Ok!
2023-12-09 12:44:59,458 - __main__ - INFO - Everything is Ok!
2023-12-10 12:44:58,400 - __main__ - INFO - Everything is Ok!
2023-12-11 12:49:33,240 - __main__ - INFO - Everything is Ok!
2023-12-12 12:48:54,041 - __main__ - INFO - Everything is Ok!
2023-12-13 12:48:42,192 - __main__ - INFO - Everything is Ok!
2023-12-14 12:48:33,475 - __main__ - INFO - Everything is Ok!
2023-12-15 12:48:25,017 - __main__ - INFO - Everything is Ok!
2023-12-16 12:45:12,275 - __main__ - INFO - Everything is Ok!
2023-12-17 12:45:14,889 - __main__ - INFO - Everything is Ok!
2023-12-18 12:49:25,973 - __main__ - INFO - Everything is Ok!
2023-12-19 12:47:31,059 - __main__ - INFO - Everything is Ok!
2023-12-20 12:40:51,693 - __main__ - INFO - Everything is Ok!
2023-12-21 12:47:37,202 - __main__ - INFO - Everything is Ok!
2023-12-26 12:45:51,059 - __main__ - INFO - Everything is Ok!
2023-12-27 12:45:51,763 - __main__ - INFO - Everything is Ok!
2023-12-28 12:46:08,495 - __main__ - INFO - Everything is Ok!
2023-12-29 12:45:53,140 - __main__ - INFO - Everything is Ok!
2023-12-30 12:44:40,936 - __main__ - INFO - Everything is Ok!
2023-12-31 12:45:13,332 - __main__ - INFO - Everything is Ok!
2024-01-01 12:46:58,059 - __main__ - INFO - Everything is Ok!
2024-01-02 12:47:12,489 - __main__ - INFO - Everything is Ok!
2024-01-03 12:47:37,221 - __main__ - INFO - Everything is Ok!
2024-01-04 12:47:18,905 - __main__ - INFO - Everything is Ok!
2024-01-05 12:47:25,977 - __main__ - INFO - Everything is Ok!
2024-01-06 12:46:25,800 - __main__ - INFO - Everything is Ok!
2024-01-07 12:45:49,024 - __main__ - INFO - Everything is Ok!
2024-01-08 12:48:43,086 - __main__ - INFO - Everything is Ok!
2024-01-10 12:49:03,529 - __main__ - INFO - Everything is Ok!
2024-01-11 12:49:10,106 - __main__ - INFO - Everything is Ok!
2024-01-12 12:48:07,568 - __main__ - INFO - Everything is Ok!
2024-01-13 12:45:43,407 - __main__ - INFO - Everything is Ok!
2024-01-14 12:45:39,440 - __main__ - INFO - Everything is Ok!
2024-01-15 12:49:27,460 - __main__ - INFO - Everything is Ok!
2024-01-16 12:49:00,637 - __main__ - INFO - Everything is Ok!
2024-01-17 12:50:13,795 - __main__ - INFO - Everything is Ok!
2024-01-18 12:48:33,543 - __main__ - INFO - Everything is Ok!
2024-01-19 12:48:39,098 - __main__ - INFO - Everything is Ok!
2024-01-20 12:46:07,544 - __main__ - INFO - Everything is Ok!
2024-01-21 12:46:03,484 - __main__ - INFO - Everything is Ok!
2024-01-22 12:50:18,200 - __main__ - INFO - Everything is Ok!
2024-01-23 12:49:39,505 - __main__ - INFO - Everything is Ok!
2024-01-24 12:49:41,538 - __main__ - INFO - Everything is Ok!
2024-01-25 12:49:44,629 - __main__ - INFO - Everything is Ok!
2024-01-26 12:44:47,876 - __main__ - INFO - Everything is Ok!
2024-01-27 12:41:07,537 - __main__ - INFO - Everything is Ok!
2024-01-28 12:42:05,666 - __main__ - INFO - Everything is Ok!
2024-01-29 12:44:38,869 - __main__ - INFO - Everything is Ok!
2024-01-30 12:44:04,817 - __main__ - INFO - Everything is Ok!
2024-01-31 12:44:33,749 - __main__ - INFO - Everything is Ok!
2024-02-01 12:44:46,172 - __main__ - INFO - Everything is Ok!
2024-02-03 12:42:12,505 - __main__ - INFO - Everything is Ok!
2024-02-04 12:42:05,766 - __main__ - INFO - Everything is Ok!
2024-02-05 12:45:11,861 - __main__ - INFO - Everything is Ok!
2024-02-06 12:44:35,075 - __main__ - INFO - Everything is Ok!
2024-02-07 12:44:19,300 - __main__ - INFO - Everything is Ok!
2024-02-08 12:43:54,189 - __main__ - INFO - Everything is Ok!
2024-02-09 12:43:08,620 - __main__ - INFO - Everything is Ok!
2024-02-10 12:42:46,164 - __main__ - INFO - Everything is Ok!
2024-02-11 12:41:59,893 - __main__ - INFO - Everything is Ok!
2024-02-12 12:45:27,681 - __main__ - INFO - Everything is Ok!
2024-02-13 12:43:51,700 - __main__ - INFO - Everything is Ok!
2024-02-14 12:44:52,323 - __main__ - INFO - Everything is Ok!
2024-02-15 12:43:58,457 - __main__ - INFO - Everything is Ok!
2024-02-16 12:44:30,570 - __main__ - INFO - Everything is Ok!
2024-02-17 12:41:54,028 - __main__ - INFO - Everything is Ok!
2024-02-19 12:45:39,616 - __main__ - INFO - Everything is Ok!
2024-02-20 12:43:49,514 - __main__ - INFO - Everything is Ok!
2024-02-21 12:44:49,319 - __main__ - INFO - Everything is Ok!
2024-02-22 12:44:15,034 - __main__ - INFO - Everything is Ok!
2024-02-23 12:43:24,203 - __main__ - INFO - Everything is Ok!
2024-02-24 12:42:08,152 - __main__ - INFO - Everything is Ok!
2024-02-25 12:42:05,781 - __main__ - INFO - Everything is Ok!
2024-02-26 12:44:24,706 - __main__ - INFO - Everything is Ok!
2024-02-27 12:43:52,366 - __main__ - INFO - Everything is Ok!
2024-02-28 12:43:58,630 - __main__ - INFO - Everything is Ok!
2024-02-29 12:43:34,779 - __main__ - INFO - Everything is Ok!
2024-03-01 12:44:20,034 - __main__ - INFO - Everything is Ok!
2024-03-02 12:43:04,513 - __main__ - INFO - Everything is Ok!
2024-03-03 12:42:01,734 - __main__ - INFO - Everything is Ok!
2024-03-04 12:48:01,420 - __main__ - INFO - Everything is Ok!
2024-03-05 12:45:36,154 - __main__ - INFO - Everything is Ok!
2024-03-07 12:44:14,755 - __main__ - INFO - Everything is Ok!
2024-03-08 12:44:18,976 - __main__ - INFO - Everything is Ok!
2024-03-09 12:41:10,466 - __main__ - INFO - Everything is Ok!
2024-03-10 12:41:31,335 - __main__ - INFO - Everything is Ok!
2024-03-11 12:45:11,123 - __main__ - INFO - Everything is Ok!
2024-03-12 12:44:38,895 - __main__ - INFO - Everything is Ok!
2024-03-13 12:45:22,066 - __main__ - INFO - Everything is Ok!
2024-03-14 12:45:00,419 - __main__ - INFO - Everything is Ok!
2024-03-15 12:44:22,085 - __main__ - INFO - Everything is Ok!
2024-03-16 12:43:24,265 - __main__ - INFO - Everything is Ok!
2024-03-17 12:42:52,841 - __main__ - INFO - Everything is Ok!
2024-03-18 12:46:46,717 - __main__ - INFO - Everything is Ok!
2024-03-19 12:44:48,962 - __main__ - INFO - Everything is Ok!
2024-03-20 12:44:17,299 - __main__ - INFO - Everything is Ok!
2024-03-21 12:45:58,419 - __main__ - INFO - Everything is Ok!
2024-03-22 12:44:34,754 - __main__ - INFO - Everything is Ok!
2024-03-23 12:43:59,718 - __main__ - INFO - Everything is Ok!
2024-03-24 12:45:20,691 - __main__ - INFO - Everything is Ok!
2024-03-25 12:44:46,674 - __main__ - INFO - Everything is Ok!
2024-03-26 12:45:09,904 - __main__ - INFO - Everything is Ok!
2024-03-27 12:45:56,732 - __main__ - INFO - Everything is Ok!
2024-03-31 12:43:06,930 - __main__ - INFO - Everything is Ok!
2024-04-01 12:47:02,311 - __main__ - INFO - Everything is Ok!
2024-04-02 12:46:26,561 - __main__ - INFO - Everything is Ok!
2024-04-03 12:45:01,381 - __main__ - INFO - Everything is Ok!
2024-04-04 12:45:07,062 - __main__ - INFO - Everything is Ok!
2024-04-05 12:44:12,503 - __main__ - INFO - Everything is Ok!
2024-04-06 12:42:50,274 - __main__ - INFO - Everything is Ok!
2024-04-07 12:42:39,245 - __main__ - INFO - Everything is Ok!
2024-04-08 12:45:18,759 - __main__ - INFO - Everything is Ok!
2024-04-09 12:45:31,624 - __main__ - INFO - Everything is Ok!
2024-04-10 12:45:51,589 - __main__ - INFO - Everything is Ok!
2024-04-11 12:45:54,530 - __main__ - INFO - Everything is Ok!
2024-04-12 12:45:09,077 - __main__ - INFO - Everything is Ok!
2024-04-13 12:40:32,037 - __main__ - INFO - Everything is Ok!
2024-04-15 12:42:38,391 - __main__ - INFO - Everything is Ok!
2024-04-16 12:46:07,209 - __main__ - INFO - Everything is Ok!
2024-04-17 12:46:20,076 - __main__ - INFO - Everything is Ok!
2024-04-18 12:45:10,480 - __main__ - INFO - Everything is Ok!
2024-04-19 12:45:12,179 - __main__ - INFO - Everything is Ok!
2024-04-20 12:43:30,667 - __main__ - INFO - Everything is Ok!
2024-04-21 12:44:22,045 - __main__ - INFO - Everything is Ok!
2024-04-22 12:47:07,748 - __main__ - INFO - Everything is Ok!
2024-04-23 12:46:53,042 - __main__ - INFO - Everything is Ok!
2024-04-24 12:53:23,662 - __main__ - INFO - Everything is Ok!
2024-05-18 12:50:45,973 - __main__ - INFO - Everything is Ok!
2024-05-20 12:53:29,614 - __main__ - INFO - Everything is Ok!
2024-06-09 07:41:22,966 - __main__ - INFO - unsuccessful request: Invalid URL 'Token not available!': No scheme supplied. Perhaps you meant https://Token not available!?
2024-06-29 13:02:27,743 - __main__ - INFO - unsuccessful request: Invalid URL 'Token not available!': No scheme supplied. Perhaps you meant https://Token not available!?
